{
  "0 debug pnpm:scope": {
    "selected": 1,
    "workspacePrefix": "/Users/maximomussini/Projects/vue-custom-element-example"
  },
  "1 error pnpm": {
    "errno": 1,
    "code": "ELIFECYCLE",
    "pkgid": "@mussi/vue-custom-element-example@1.0.5",
    "stage": "build",
    "script": "vite build",
    "pkgname": "@mussi/vue-custom-element-example",
    "err": {
      "name": "pnpm",
      "message": "@mussi/vue-custom-element-example@1.0.5 build: `vite build`\nExit status 1",
      "code": "ELIFECYCLE",
      "stack": "pnpm: @mussi/vue-custom-element-example@1.0.5 build: `vite build`\nExit status 1\n    at EventEmitter.<anonymous> (/Users/maximomussini/Library/pnpm/global/5/.pnpm/pnpm@7.4.1/node_modules/pnpm/dist/pnpm.cjs:108600:20)\n    at EventEmitter.emit (node:events:527:28)\n    at ChildProcess.<anonymous> (/Users/maximomussini/Library/pnpm/global/5/.pnpm/pnpm@7.4.1/node_modules/pnpm/dist/pnpm.cjs:95166:18)\n    at ChildProcess.emit (node:events:527:28)\n    at maybeClose (node:internal/child_process:1092:16)\n    at Process.ChildProcess._handle.onexit (node:internal/child_process:302:5)"
    }
  },
  "2 warn pnpm:global": " Local package.json exists, but node_modules missing, did you mean to install?"
}